{
    "FunctionName": "hello-cli",
    "FunctionArn": "arn:aws:lambda:us-east-1:095121603975:function:hello-cli:1",
    "Runtime": "nodejs12.x",
    "Role": "arn:aws:iam::095121603975:role/lambda-example",
    "Handler": "index.handler",
    "CodeSize": 325,
    "Description": "",
    "Timeout": 3,
    "MemorySize": 128,
    "LastModified": "2020-06-19T23:46:30.523+0000",
    "CodeSha256": "qGZEMWJhqbG4Ic5S7NeXrq7EzHXmCmUVLMhrKcEHtQ4=",
    "Version": "1",
    "TracingConfig": {
        "Mode": "PassThrough"
    },
    "RevisionId": "09df9a51-2e69-4c68-8a33-3a9ef1def26d",
    "State": "Active",
    "LastUpdateStatus": "Successful"
}
