{
    "Role": {
        "Path": "/",
        "RoleName": "lambda-examples",
        "RoleId": "AROARMJNQPWD2CJB5RHD7",
        "Arn": "arn:aws:iam::095121603975:role/lambda-examples",
        "CreateDate": "2020-06-19T23:30:31+00:00",
        "AssumeRolePolicyDocument": {
            "Version": "2012-10-17",
            "Statement": [
                {
                    "Effect": "Allow",
                    "Principal": {
                        "Service": "lambda.amazonaws.com"
                    },
                    "Action": "sts:AssumeRole"
                }
            ]
        }
    }
}
